20/05/2023 21:13:35 : Starting Network Model Serivice...
20/05/2023 21:13:36 : The WCF service GenericDataAccess is ready.
20/05/2023 21:13:36 : Endpoints:
20/05/2023 21:13:36 : net.tcp://localhost:10000/NetworkModelService/GDA/
20/05/2023 21:13:36 : Connection string: ../NetworkModelData.data
20/05/2023 21:13:36 : Trace level: Info
20/05/2023 21:13:36 : The Network Model Service is started.
20/05/2023 21:13:36 : Press <Enter> to stop the service.
20/05/2023 21:14:17 : Applying  delta to network model.
20/05/2023 21:14:17 : Inserting entity with GID (0000000600000001).
20/05/2023 21:14:17 : Inserting entity with GID (0000000600000002).
20/05/2023 21:14:17 : Inserting entity with GID (0000000500000001).
20/05/2023 21:14:17 : Inserting entity with GID (0000000100000001).
20/05/2023 21:14:17 : Inserting entity with GID (0000000100000002).
20/05/2023 21:14:17 : Inserting entity with GID (0000000100000003).
20/05/2023 21:14:17 : Inserting entity with GID (0000000300000001).
20/05/2023 21:14:17 : Inserting entity with GID (0000000200000001).
20/05/2023 21:14:17 : Inserting entity with GID (0000000200000002).
20/05/2023 21:14:17 : Inserting entity with GID (0000000400000001).
20/05/2023 21:14:17 : Applying delta to network model successfully finished.
21/05/2023 20:13:37 : Starting Network Model Serivice...
21/05/2023 20:13:38 : Inserting entity with GID (0000000600000001).
21/05/2023 20:13:38 : Inserting entity with GID (0000000600000002).
21/05/2023 20:13:38 : Inserting entity with GID (0000000500000001).
21/05/2023 20:13:38 : Inserting entity with GID (0000000100000001).
21/05/2023 20:13:38 : Inserting entity with GID (0000000100000002).
21/05/2023 20:13:38 : Inserting entity with GID (0000000100000003).
21/05/2023 20:13:38 : Inserting entity with GID (0000000300000001).
21/05/2023 20:13:38 : Inserting entity with GID (0000000200000001).
21/05/2023 20:13:38 : Inserting entity with GID (0000000200000002).
21/05/2023 20:13:38 : Inserting entity with GID (0000000400000001).
21/05/2023 20:13:42 : The WCF service GenericDataAccess is ready.
21/05/2023 20:13:42 : Endpoints:
21/05/2023 20:13:42 : net.tcp://localhost:10000/NetworkModelService/GDA/
21/05/2023 20:13:42 : Connection string: ../NetworkModelData.data
21/05/2023 20:13:42 : Trace level: Info
21/05/2023 20:13:42 : The Network Model Service is started.
21/05/2023 20:13:42 : Press <Enter> to stop the service.
21/05/2023 20:15:53 : Failed to set value for property (ASSETMODEL_ASSETINFOS) because specified vector value is not compatible with property type (Reference).
21/05/2023 20:15:53 : Failed to get related values for source GID = 0x0000000600000001. Failed to set value for property (ASSETMODEL_ASSETINFOS) because specified vector value is not compatible with property type (Reference)..
21/05/2023 20:15:53 : Getting related values for resource with ID = 0x0000000600000001 failed. Failed to get related values for source GID = 0x0000000600000001. Failed to set value for property (ASSETMODEL_ASSETINFOS) because specified vector value is not compatible with property type (Reference)..
21/05/2023 20:16:32 : Starting Network Model Serivice...
21/05/2023 20:16:32 : Inserting entity with GID (0000000600000001).
21/05/2023 20:16:32 : Inserting entity with GID (0000000600000002).
21/05/2023 20:16:32 : Inserting entity with GID (0000000500000001).
21/05/2023 20:16:32 : Inserting entity with GID (0000000100000001).
21/05/2023 20:16:32 : Inserting entity with GID (0000000100000002).
21/05/2023 20:16:32 : Inserting entity with GID (0000000100000003).
21/05/2023 20:16:32 : Inserting entity with GID (0000000300000001).
21/05/2023 20:16:32 : Inserting entity with GID (0000000200000001).
21/05/2023 20:16:32 : Inserting entity with GID (0000000200000002).
21/05/2023 20:16:32 : Inserting entity with GID (0000000400000001).
21/05/2023 20:16:34 : The WCF service GenericDataAccess is ready.
21/05/2023 20:16:34 : Endpoints:
21/05/2023 20:16:34 : net.tcp://localhost:10000/NetworkModelService/GDA/
21/05/2023 20:16:34 : Connection string: ../NetworkModelData.data
21/05/2023 20:16:34 : Trace level: Info
21/05/2023 20:16:34 : The Network Model Service is started.
21/05/2023 20:16:34 : Press <Enter> to stop the service.
22/05/2023 09:55:05 : Starting Network Model Serivice...
22/05/2023 09:55:05 : Inserting entity with GID (0000000600000001).
22/05/2023 09:55:05 : Inserting entity with GID (0000000600000002).
22/05/2023 09:55:05 : Inserting entity with GID (0000000500000001).
22/05/2023 09:55:05 : Inserting entity with GID (0000000100000001).
22/05/2023 09:55:05 : Inserting entity with GID (0000000100000002).
22/05/2023 09:55:05 : Inserting entity with GID (0000000100000003).
22/05/2023 09:55:05 : Inserting entity with GID (0000000300000001).
22/05/2023 09:55:05 : Inserting entity with GID (0000000200000001).
22/05/2023 09:55:05 : Inserting entity with GID (0000000200000002).
22/05/2023 09:55:05 : Inserting entity with GID (0000000400000001).
22/05/2023 09:55:06 : The WCF service GenericDataAccess is ready.
22/05/2023 09:55:06 : Endpoints:
22/05/2023 09:55:06 : net.tcp://localhost:10000/NetworkModelService/GDA/
22/05/2023 09:55:06 : Connection string: ../NetworkModelData.data
22/05/2023 09:55:06 : Trace level: Info
22/05/2023 09:55:06 : The Network Model Service is started.
22/05/2023 09:55:06 : Press <Enter> to stop the service.
